<?xml version="1.0" encoding="UTF-8"?>
<!-- Generated by org.testng.reporters.JUnitXMLReporter -->
<testsuite ignored="4" hostname="GaneshBabu" failures="3" tests="7" name="BankingApp Test" time="84.675" errors="0" timestamp="2021-07-09T19:25:38 IST">
  <testcase classname="com.inetbanking.testCases.TC_LoginTest001" name="loginTest" time="9.355"/>
  <testcase classname="com.inetbanking.testCases.TC_LoginTestDDT002" name="loginDDT" time="8.471"/>
  <testcase classname="com.inetbanking.testCases.TC_LoginTestDDT002" name="loginDDT" time="8.264">
    <failure type="java.lang.AssertionError" message="expected [true] but found [false]">
      <![CDATA[java.lang.AssertionError: expected [true] but found [false]
at com.inetbanking.testCases.TC_LoginTestDDT002.loginDDT(TC_LoginTestDDT002.java:29)
at java.base/java.util.ArrayList.forEach(ArrayList.java:1541)
... Removed 35 stack frames]]>
    </failure>
  </testcase> <!-- loginDDT -->
  <testcase classname="com.inetbanking.testCases.TC_LoginTestDDT002" name="loginDDT" time="6.429">
    <failure type="java.lang.AssertionError" message="expected [true] but found [false]">
      <![CDATA[java.lang.AssertionError: expected [true] but found [false]
at com.inetbanking.testCases.TC_LoginTestDDT002.loginDDT(TC_LoginTestDDT002.java:29)
at java.base/java.util.ArrayList.forEach(ArrayList.java:1541)
... Removed 35 stack frames]]>
    </failure>
  </testcase> <!-- loginDDT -->
  <testcase classname="com.inetbanking.testCases.TC_LoginTestDDT002" name="loginDDT" time="9.591"/>
  <testcase classname="com.inetbanking.testCases.TC_LoginTestDDT002" name="loginDDT" time="7.635">
    <failure type="java.lang.AssertionError" message="expected [true] but found [false]">
      <![CDATA[java.lang.AssertionError: expected [true] but found [false]
at com.inetbanking.testCases.TC_LoginTestDDT002.loginDDT(TC_LoginTestDDT002.java:29)
at java.base/java.util.ArrayList.forEach(ArrayList.java:1541)
... Removed 35 stack frames]]>
    </failure>
  </testcase> <!-- loginDDT -->
  <testcase classname="com.inetbanking.testCases.TC_LoginTest003" name="addcustomer" time="16.343"/>
  <testcase classname="com.inetbanking.testCases.BaseClass" name="@BeforeTest Setup" time="0.0">
    <ignored/>
  </testcase> <!-- @BeforeTest Setup -->
  <testcase classname="com.inetbanking.testCases.BaseClass" name="@BeforeTest Setup" time="0.0">
    <ignored/>
  </testcase> <!-- @BeforeTest Setup -->
  <testcase classname="com.inetbanking.testCases.BaseClass" name="@AfterTest Teardown" time="0.0">
    <ignored/>
  </testcase> <!-- @AfterTest Teardown -->
  <testcase classname="com.inetbanking.testCases.BaseClass" name="@AfterTest Teardown" time="0.0">
    <ignored/>
  </testcase> <!-- @AfterTest Teardown -->
</testsuite> <!-- BankingApp Test -->
